<?xml version="1.0" encoding="UTF-8"?>
<testsuite name="Tests" tests="1" skipped="0" failures="0" errors="0" timestamp="2024-09-21T06:11:43" hostname="DESKTOP-P3T3MT7" time="0.837">
  <properties/>
  <testcase name="start" classname="Tests" time="0.837"/>
  <system-out><![CDATA[?[1;31m
Start test 1?[0m
{A1=0, B1=0, C1=0, D1=0, E1=0, F1=0, G1=0, H1=0, I1=0, J1=0, A2=0, B2=0, C2=0, D2=0, E2=0, F2=0, G2=0, H2=0, I2=0, J2=0, A3=0, B3=0, C3=0, D3=0, E3=0, F3=0, G3=0, H3=0, I3=0, J3=0, A4=0, B4=0, C4=0, D4=0, E4=0, F4=0, G4=0, H4=0, I4=0, J4=0, A5=0, B5=0, C5=0, D5=0, E5=0, F5=0, G5=0, H5=0, I5=0, J5=0, A6=0, B6=0, C6=0, D6=0, E6=0, F6=0, G6=0, H6=0, I6=0, J6=0, A7=0, B7=0, C7=0, D7=0, E7=0, F7=0, G7=0, H7=0, I7=0, J7=0, A8=0, B8=0, C8=0, D8=0, E8=0, F8=0, G8=0, H8=0, I8=0, J8=0, A9=0, B9=0, C9=0, D9=0, E9=0, F9=0, G9=0, H9=0, I9=0, J9=0, A10=0, B10=0, C10=0, D10=0, E10=0, F10=0, G10=0, H10=0, I10=0, J10=0}
  1 2 3 4 5 6 7 8 9 10 
A ~ ~ ~ ~ ~ ~ ~ ~ ~ ~ 
B ~ ~ ~ ~ ~ ~ ~ ~ ~ ~ 
C ~ ~ ~ ~ ~ ~ ~ ~ ~ ~ 
D ~ ~ ~ ~ ~ ~ ~ ~ ~ ~ 
E ~ ~ ~ ~ ~ ~ ~ ~ ~ ~ 
F ~ ~ ~ ~ ~ ~ ~ ~ ~ ~ 
G ~ ~ ~ ~ ~ ~ ~ ~ ~ ~ 
H ~ ~ ~ ~ ~ ~ ~ ~ ~ ~ 
I ~ ~ ~ ~ ~ ~ ~ ~ ~ ~ 
J ~ ~ ~ ~ ~ ~ ~ ~ ~ ~ 
Enter the coordinates of the ship:
> F3 F7
Length: 5 and Parts: F3 F4 F5 F6 F7
?[1;31m
Start test 2?[0m
{A1=0, B1=0, C1=0, D1=0, E1=0, F1=0, G1=0, H1=0, I1=0, J1=0, A2=0, B2=0, C2=0, D2=0, E2=0, F2=0, G2=0, H2=0, I2=0, J2=0, A3=0, B3=0, C3=0, D3=0, E3=0, F3=0, G3=0, H3=0, I3=0, J3=0, A4=0, B4=0, C4=0, D4=0, E4=0, F4=0, G4=0, H4=0, I4=0, J4=0, A5=0, B5=0, C5=0, D5=0, E5=0, F5=0, G5=0, H5=0, I5=0, J5=0, A6=0, B6=0, C6=0, D6=0, E6=0, F6=0, G6=0, H6=0, I6=0, J6=0, A7=0, B7=0, C7=0, D7=0, E7=0, F7=0, G7=0, H7=0, I7=0, J7=0, A8=0, B8=0, C8=0, D8=0, E8=0, F8=0, G8=0, H8=0, I8=0, J8=0, A9=0, B9=0, C9=0, D9=0, E9=0, F9=0, G9=0, H9=0, I9=0, J9=0, A10=0, B10=0, C10=0, D10=0, E10=0, F10=0, G10=0, H10=0, I10=0, J10=0}
  1 2 3 4 5 6 7 8 9 10 
A ~ ~ ~ ~ ~ ~ ~ ~ ~ ~ 
B ~ ~ ~ ~ ~ ~ ~ ~ ~ ~ 
C ~ ~ ~ ~ ~ ~ ~ ~ ~ ~ 
D ~ ~ ~ ~ ~ ~ ~ ~ ~ ~ 
E ~ ~ ~ ~ ~ ~ ~ ~ ~ ~ 
F ~ ~ ~ ~ ~ ~ ~ ~ ~ ~ 
G ~ ~ ~ ~ ~ ~ ~ ~ ~ ~ 
H ~ ~ ~ ~ ~ ~ ~ ~ ~ ~ 
I ~ ~ ~ ~ ~ ~ ~ ~ ~ ~ 
J ~ ~ ~ ~ ~ ~ ~ ~ ~ ~ 
Enter the coordinates of the ship:
> A1 D1
Length: 4 and Parts: A1 B1 C1 D1
?[1;31m
Start test 3?[0m
{A1=0, B1=0, C1=0, D1=0, E1=0, F1=0, G1=0, H1=0, I1=0, J1=0, A2=0, B2=0, C2=0, D2=0, E2=0, F2=0, G2=0, H2=0, I2=0, J2=0, A3=0, B3=0, C3=0, D3=0, E3=0, F3=0, G3=0, H3=0, I3=0, J3=0, A4=0, B4=0, C4=0, D4=0, E4=0, F4=0, G4=0, H4=0, I4=0, J4=0, A5=0, B5=0, C5=0, D5=0, E5=0, F5=0, G5=0, H5=0, I5=0, J5=0, A6=0, B6=0, C6=0, D6=0, E6=0, F6=0, G6=0, H6=0, I6=0, J6=0, A7=0, B7=0, C7=0, D7=0, E7=0, F7=0, G7=0, H7=0, I7=0, J7=0, A8=0, B8=0, C8=0, D8=0, E8=0, F8=0, G8=0, H8=0, I8=0, J8=0, A9=0, B9=0, C9=0, D9=0, E9=0, F9=0, G9=0, H9=0, I9=0, J9=0, A10=0, B10=0, C10=0, D10=0, E10=0, F10=0, G10=0, H10=0, I10=0, J10=0}
  1 2 3 4 5 6 7 8 9 10 
A ~ ~ ~ ~ ~ ~ ~ ~ ~ ~ 
B ~ ~ ~ ~ ~ ~ ~ ~ ~ ~ 
C ~ ~ ~ ~ ~ ~ ~ ~ ~ ~ 
D ~ ~ ~ ~ ~ ~ ~ ~ ~ ~ 
E ~ ~ ~ ~ ~ ~ ~ ~ ~ ~ 
F ~ ~ ~ ~ ~ ~ ~ ~ ~ ~ 
G ~ ~ ~ ~ ~ ~ ~ ~ ~ ~ 
H ~ ~ ~ ~ ~ ~ ~ ~ ~ ~ 
I ~ ~ ~ ~ ~ ~ ~ ~ ~ ~ 
J ~ ~ ~ ~ ~ ~ ~ ~ ~ ~ 
Enter the coordinates of the ship:
> C4 C2
Length: 3 and Parts: C2 C3 C4
?[1;31m
Start test 4?[0m
{A1=0, B1=0, C1=0, D1=0, E1=0, F1=0, G1=0, H1=0, I1=0, J1=0, A2=0, B2=0, C2=0, D2=0, E2=0, F2=0, G2=0, H2=0, I2=0, J2=0, A3=0, B3=0, C3=0, D3=0, E3=0, F3=0, G3=0, H3=0, I3=0, J3=0, A4=0, B4=0, C4=0, D4=0, E4=0, F4=0, G4=0, H4=0, I4=0, J4=0, A5=0, B5=0, C5=0, D5=0, E5=0, F5=0, G5=0, H5=0, I5=0, J5=0, A6=0, B6=0, C6=0, D6=0, E6=0, F6=0, G6=0, H6=0, I6=0, J6=0, A7=0, B7=0, C7=0, D7=0, E7=0, F7=0, G7=0, H7=0, I7=0, J7=0, A8=0, B8=0, C8=0, D8=0, E8=0, F8=0, G8=0, H8=0, I8=0, J8=0, A9=0, B9=0, C9=0, D9=0, E9=0, F9=0, G9=0, H9=0, I9=0, J9=0, A10=0, B10=0, C10=0, D10=0, E10=0, F10=0, G10=0, H10=0, I10=0, J10=0}
  1 2 3 4 5 6 7 8 9 10 
A ~ ~ ~ ~ ~ ~ ~ ~ ~ ~ 
B ~ ~ ~ ~ ~ ~ ~ ~ ~ ~ 
C ~ ~ ~ ~ ~ ~ ~ ~ ~ ~ 
D ~ ~ ~ ~ ~ ~ ~ ~ ~ ~ 
E ~ ~ ~ ~ ~ ~ ~ ~ ~ ~ 
F ~ ~ ~ ~ ~ ~ ~ ~ ~ ~ 
G ~ ~ ~ ~ ~ ~ ~ ~ ~ ~ 
H ~ ~ ~ ~ ~ ~ ~ ~ ~ ~ 
I ~ ~ ~ ~ ~ ~ ~ ~ ~ ~ 
J ~ ~ ~ ~ ~ ~ ~ ~ ~ ~ 
Enter the coordinates of the ship:
> F4 E4
Length: 2 and Parts: E4 F4
?[1;31m
Start test 5?[0m
{A1=0, B1=0, C1=0, D1=0, E1=0, F1=0, G1=0, H1=0, I1=0, J1=0, A2=0, B2=0, C2=0, D2=0, E2=0, F2=0, G2=0, H2=0, I2=0, J2=0, A3=0, B3=0, C3=0, D3=0, E3=0, F3=0, G3=0, H3=0, I3=0, J3=0, A4=0, B4=0, C4=0, D4=0, E4=0, F4=0, G4=0, H4=0, I4=0, J4=0, A5=0, B5=0, C5=0, D5=0, E5=0, F5=0, G5=0, H5=0, I5=0, J5=0, A6=0, B6=0, C6=0, D6=0, E6=0, F6=0, G6=0, H6=0, I6=0, J6=0, A7=0, B7=0, C7=0, D7=0, E7=0, F7=0, G7=0, H7=0, I7=0, J7=0, A8=0, B8=0, C8=0, D8=0, E8=0, F8=0, G8=0, H8=0, I8=0, J8=0, A9=0, B9=0, C9=0, D9=0, E9=0, F9=0, G9=0, H9=0, I9=0, J9=0, A10=0, B10=0, C10=0, D10=0, E10=0, F10=0, G10=0, H10=0, I10=0, J10=0}
  1 2 3 4 5 6 7 8 9 10 
A ~ ~ ~ ~ ~ ~ ~ ~ ~ ~ 
B ~ ~ ~ ~ ~ ~ ~ ~ ~ ~ 
C ~ ~ ~ ~ ~ ~ ~ ~ ~ ~ 
D ~ ~ ~ ~ ~ ~ ~ ~ ~ ~ 
E ~ ~ ~ ~ ~ ~ ~ ~ ~ ~ 
F ~ ~ ~ ~ ~ ~ ~ ~ ~ ~ 
G ~ ~ ~ ~ ~ ~ ~ ~ ~ ~ 
H ~ ~ ~ ~ ~ ~ ~ ~ ~ ~ 
I ~ ~ ~ ~ ~ ~ ~ ~ ~ ~ 
J ~ ~ ~ ~ ~ ~ ~ ~ ~ ~ 
Enter the coordinates of the ship:
> G8 G10
Length: 3 and Parts: G8 G9 G10
?[1;31m
Start test 6?[0m
{A1=0, B1=0, C1=0, D1=0, E1=0, F1=0, G1=0, H1=0, I1=0, J1=0, A2=0, B2=0, C2=0, D2=0, E2=0, F2=0, G2=0, H2=0, I2=0, J2=0, A3=0, B3=0, C3=0, D3=0, E3=0, F3=0, G3=0, H3=0, I3=0, J3=0, A4=0, B4=0, C4=0, D4=0, E4=0, F4=0, G4=0, H4=0, I4=0, J4=0, A5=0, B5=0, C5=0, D5=0, E5=0, F5=0, G5=0, H5=0, I5=0, J5=0, A6=0, B6=0, C6=0, D6=0, E6=0, F6=0, G6=0, H6=0, I6=0, J6=0, A7=0, B7=0, C7=0, D7=0, E7=0, F7=0, G7=0, H7=0, I7=0, J7=0, A8=0, B8=0, C8=0, D8=0, E8=0, F8=0, G8=0, H8=0, I8=0, J8=0, A9=0, B9=0, C9=0, D9=0, E9=0, F9=0, G9=0, H9=0, I9=0, J9=0, A10=0, B10=0, C10=0, D10=0, E10=0, F10=0, G10=0, H10=0, I10=0, J10=0}
  1 2 3 4 5 6 7 8 9 10 
A ~ ~ ~ ~ ~ ~ ~ ~ ~ ~ 
B ~ ~ ~ ~ ~ ~ ~ ~ ~ ~ 
C ~ ~ ~ ~ ~ ~ ~ ~ ~ ~ 
D ~ ~ ~ ~ ~ ~ ~ ~ ~ ~ 
E ~ ~ ~ ~ ~ ~ ~ ~ ~ ~ 
F ~ ~ ~ ~ ~ ~ ~ ~ ~ ~ 
G ~ ~ ~ ~ ~ ~ ~ ~ ~ ~ 
H ~ ~ ~ ~ ~ ~ ~ ~ ~ ~ 
I ~ ~ ~ ~ ~ ~ ~ ~ ~ ~ 
J ~ ~ ~ ~ ~ ~ ~ ~ ~ ~ 
Enter the coordinates of the ship:
> A3 D5
Error: Invalid ship placement. Ships must be placed horizontally or vertically.
Enter the coordinates of the ship:
?[1;31m
Start test 7?[0m
{A1=0, B1=0, C1=0, D1=0, E1=0, F1=0, G1=0, H1=0, I1=0, J1=0, A2=0, B2=0, C2=0, D2=0, E2=0, F2=0, G2=0, H2=0, I2=0, J2=0, A3=0, B3=0, C3=0, D3=0, E3=0, F3=0, G3=0, H3=0, I3=0, J3=0, A4=0, B4=0, C4=0, D4=0, E4=0, F4=0, G4=0, H4=0, I4=0, J4=0, A5=0, B5=0, C5=0, D5=0, E5=0, F5=0, G5=0, H5=0, I5=0, J5=0, A6=0, B6=0, C6=0, D6=0, E6=0, F6=0, G6=0, H6=0, I6=0, J6=0, A7=0, B7=0, C7=0, D7=0, E7=0, F7=0, G7=0, H7=0, I7=0, J7=0, A8=0, B8=0, C8=0, D8=0, E8=0, F8=0, G8=0, H8=0, I8=0, J8=0, A9=0, B9=0, C9=0, D9=0, E9=0, F9=0, G9=0, H9=0, I9=0, J9=0, A10=0, B10=0, C10=0, D10=0, E10=0, F10=0, G10=0, H10=0, I10=0, J10=0}
  1 2 3 4 5 6 7 8 9 10 
A ~ ~ ~ ~ ~ ~ ~ ~ ~ ~ 
B ~ ~ ~ ~ ~ ~ ~ ~ ~ ~ 
C ~ ~ ~ ~ ~ ~ ~ ~ ~ ~ 
D ~ ~ ~ ~ ~ ~ ~ ~ ~ ~ 
E ~ ~ ~ ~ ~ ~ ~ ~ ~ ~ 
F ~ ~ ~ ~ ~ ~ ~ ~ ~ ~ 
G ~ ~ ~ ~ ~ ~ ~ ~ ~ ~ 
H ~ ~ ~ ~ ~ ~ ~ ~ ~ ~ 
I ~ ~ ~ ~ ~ ~ ~ ~ ~ ~ 
J ~ ~ ~ ~ ~ ~ ~ ~ ~ ~ 
Enter the coordinates of the ship:
> F6 C2
Error: Invalid ship placement. Ships must be placed horizontally or vertically.
Enter the coordinates of the ship:
?[1;31m
Start test 8?[0m
{A1=0, B1=0, C1=0, D1=0, E1=0, F1=0, G1=0, H1=0, I1=0, J1=0, A2=0, B2=0, C2=0, D2=0, E2=0, F2=0, G2=0, H2=0, I2=0, J2=0, A3=0, B3=0, C3=0, D3=0, E3=0, F3=0, G3=0, H3=0, I3=0, J3=0, A4=0, B4=0, C4=0, D4=0, E4=0, F4=0, G4=0, H4=0, I4=0, J4=0, A5=0, B5=0, C5=0, D5=0, E5=0, F5=0, G5=0, H5=0, I5=0, J5=0, A6=0, B6=0, C6=0, D6=0, E6=0, F6=0, G6=0, H6=0, I6=0, J6=0, A7=0, B7=0, C7=0, D7=0, E7=0, F7=0, G7=0, H7=0, I7=0, J7=0, A8=0, B8=0, C8=0, D8=0, E8=0, F8=0, G8=0, H8=0, I8=0, J8=0, A9=0, B9=0, C9=0, D9=0, E9=0, F9=0, G9=0, H9=0, I9=0, J9=0, A10=0, B10=0, C10=0, D10=0, E10=0, F10=0, G10=0, H10=0, I10=0, J10=0}
  1 2 3 4 5 6 7 8 9 10 
A ~ ~ ~ ~ ~ ~ ~ ~ ~ ~ 
B ~ ~ ~ ~ ~ ~ ~ ~ ~ ~ 
C ~ ~ ~ ~ ~ ~ ~ ~ ~ ~ 
D ~ ~ ~ ~ ~ ~ ~ ~ ~ ~ 
E ~ ~ ~ ~ ~ ~ ~ ~ ~ ~ 
F ~ ~ ~ ~ ~ ~ ~ ~ ~ ~ 
G ~ ~ ~ ~ ~ ~ ~ ~ ~ ~ 
H ~ ~ ~ ~ ~ ~ ~ ~ ~ ~ 
I ~ ~ ~ ~ ~ ~ ~ ~ ~ ~ 
J ~ ~ ~ ~ ~ ~ ~ ~ ~ ~ 
Enter the coordinates of the ship:
> A0 A2
Error: Invalid coordinates. Please enter coordinates within the game field.
Enter the coordinates of the ship:
?[1;31m
Start test 9?[0m
{A1=0, B1=0, C1=0, D1=0, E1=0, F1=0, G1=0, H1=0, I1=0, J1=0, A2=0, B2=0, C2=0, D2=0, E2=0, F2=0, G2=0, H2=0, I2=0, J2=0, A3=0, B3=0, C3=0, D3=0, E3=0, F3=0, G3=0, H3=0, I3=0, J3=0, A4=0, B4=0, C4=0, D4=0, E4=0, F4=0, G4=0, H4=0, I4=0, J4=0, A5=0, B5=0, C5=0, D5=0, E5=0, F5=0, G5=0, H5=0, I5=0, J5=0, A6=0, B6=0, C6=0, D6=0, E6=0, F6=0, G6=0, H6=0, I6=0, J6=0, A7=0, B7=0, C7=0, D7=0, E7=0, F7=0, G7=0, H7=0, I7=0, J7=0, A8=0, B8=0, C8=0, D8=0, E8=0, F8=0, G8=0, H8=0, I8=0, J8=0, A9=0, B9=0, C9=0, D9=0, E9=0, F9=0, G9=0, H9=0, I9=0, J9=0, A10=0, B10=0, C10=0, D10=0, E10=0, F10=0, G10=0, H10=0, I10=0, J10=0}
  1 2 3 4 5 6 7 8 9 10 
A ~ ~ ~ ~ ~ ~ ~ ~ ~ ~ 
B ~ ~ ~ ~ ~ ~ ~ ~ ~ ~ 
C ~ ~ ~ ~ ~ ~ ~ ~ ~ ~ 
D ~ ~ ~ ~ ~ ~ ~ ~ ~ ~ 
E ~ ~ ~ ~ ~ ~ ~ ~ ~ ~ 
F ~ ~ ~ ~ ~ ~ ~ ~ ~ ~ 
G ~ ~ ~ ~ ~ ~ ~ ~ ~ ~ 
H ~ ~ ~ ~ ~ ~ ~ ~ ~ ~ 
I ~ ~ ~ ~ ~ ~ ~ ~ ~ ~ 
J ~ ~ ~ ~ ~ ~ ~ ~ ~ ~ 
Enter the coordinates of the ship:
> B9 B11
Error: Invalid coordinates. Please enter coordinates within the game field.
Enter the coordinates of the ship:
?[1;31m
Start test 10?[0m
{A1=0, B1=0, C1=0, D1=0, E1=0, F1=0, G1=0, H1=0, I1=0, J1=0, A2=0, B2=0, C2=0, D2=0, E2=0, F2=0, G2=0, H2=0, I2=0, J2=0, A3=0, B3=0, C3=0, D3=0, E3=0, F3=0, G3=0, H3=0, I3=0, J3=0, A4=0, B4=0, C4=0, D4=0, E4=0, F4=0, G4=0, H4=0, I4=0, J4=0, A5=0, B5=0, C5=0, D5=0, E5=0, F5=0, G5=0, H5=0, I5=0, J5=0, A6=0, B6=0, C6=0, D6=0, E6=0, F6=0, G6=0, H6=0, I6=0, J6=0, A7=0, B7=0, C7=0, D7=0, E7=0, F7=0, G7=0, H7=0, I7=0, J7=0, A8=0, B8=0, C8=0, D8=0, E8=0, F8=0, G8=0, H8=0, I8=0, J8=0, A9=0, B9=0, C9=0, D9=0, E9=0, F9=0, G9=0, H9=0, I9=0, J9=0, A10=0, B10=0, C10=0, D10=0, E10=0, F10=0, G10=0, H10=0, I10=0, J10=0}
  1 2 3 4 5 6 7 8 9 10 
A ~ ~ ~ ~ ~ ~ ~ ~ ~ ~ 
B ~ ~ ~ ~ ~ ~ ~ ~ ~ ~ 
C ~ ~ ~ ~ ~ ~ ~ ~ ~ ~ 
D ~ ~ ~ ~ ~ ~ ~ ~ ~ ~ 
E ~ ~ ~ ~ ~ ~ ~ ~ ~ ~ 
F ~ ~ ~ ~ ~ ~ ~ ~ ~ ~ 
G ~ ~ ~ ~ ~ ~ ~ ~ ~ ~ 
H ~ ~ ~ ~ ~ ~ ~ ~ ~ ~ 
I ~ ~ ~ ~ ~ ~ ~ ~ ~ ~ 
J ~ ~ ~ ~ ~ ~ ~ ~ ~ ~ 
Enter the coordinates of the ship:
> J5 M5
Error: Invalid coordinates. Please enter coordinates within the game field.
Enter the coordinates of the ship:
?[1;31m
Start test 11?[0m
{A1=0, B1=0, C1=0, D1=0, E1=0, F1=0, G1=0, H1=0, I1=0, J1=0, A2=0, B2=0, C2=0, D2=0, E2=0, F2=0, G2=0, H2=0, I2=0, J2=0, A3=0, B3=0, C3=0, D3=0, E3=0, F3=0, G3=0, H3=0, I3=0, J3=0, A4=0, B4=0, C4=0, D4=0, E4=0, F4=0, G4=0, H4=0, I4=0, J4=0, A5=0, B5=0, C5=0, D5=0, E5=0, F5=0, G5=0, H5=0, I5=0, J5=0, A6=0, B6=0, C6=0, D6=0, E6=0, F6=0, G6=0, H6=0, I6=0, J6=0, A7=0, B7=0, C7=0, D7=0, E7=0, F7=0, G7=0, H7=0, I7=0, J7=0, A8=0, B8=0, C8=0, D8=0, E8=0, F8=0, G8=0, H8=0, I8=0, J8=0, A9=0, B9=0, C9=0, D9=0, E9=0, F9=0, G9=0, H9=0, I9=0, J9=0, A10=0, B10=0, C10=0, D10=0, E10=0, F10=0, G10=0, H10=0, I10=0, J10=0}
  1 2 3 4 5 6 7 8 9 10 
A ~ ~ ~ ~ ~ ~ ~ ~ ~ ~ 
B ~ ~ ~ ~ ~ ~ ~ ~ ~ ~ 
C ~ ~ ~ ~ ~ ~ ~ ~ ~ ~ 
D ~ ~ ~ ~ ~ ~ ~ ~ ~ ~ 
E ~ ~ ~ ~ ~ ~ ~ ~ ~ ~ 
F ~ ~ ~ ~ ~ ~ ~ ~ ~ ~ 
G ~ ~ ~ ~ ~ ~ ~ ~ ~ ~ 
H ~ ~ ~ ~ ~ ~ ~ ~ ~ ~ 
I ~ ~ ~ ~ ~ ~ ~ ~ ~ ~ 
J ~ ~ ~ ~ ~ ~ ~ ~ ~ ~ 
Enter the coordinates of the ship:
> L13 N18
Error: Invalid coordinates. Please enter coordinates within the game field.
Enter the coordinates of the ship:
]]></system-out>
  <system-err><![CDATA[]]></system-err>
</testsuite>
